<?xml version="1.0" encoding="UTF-8"?>
<testsuite name="com.study.ordersystem.service.OrderServiceTest" tests="2" skipped="0" failures="0" errors="0" timestamp="2025-01-23T18:40:03" hostname="GYU" time="0.285">
  <properties/>
  <testcase name="구매 수량이 재고 수량보다 적을 때, 정상 주문이 가능하다." classname="com.study.ordersystem.service.OrderServiceTest" time="0.28"/>
  <testcase name="구매 수량이 재고 수량보다 많을 때, 정상 주문이 불가능하다." classname="com.study.ordersystem.service.OrderServiceTest" time="0.004"/>
  <system-out><![CDATA[]]></system-out>
  <system-err><![CDATA[]]></system-err>
</testsuite>
